h:\visual studio project\lunarnewyear2019\snake & apple -nddvhitus\snake & apple -nddvhitus\debug\ball.obj
h:\visual studio project\lunarnewyear2019\snake & apple -nddvhitus\snake & apple -nddvhitus\debug\bgi.obj
h:\visual studio project\lunarnewyear2019\snake & apple -nddvhitus\snake & apple -nddvhitus\debug\bgiout.obj
h:\visual studio project\lunarnewyear2019\snake & apple -nddvhitus\snake & apple -nddvhitus\debug\control.obj
h:\visual studio project\lunarnewyear2019\snake & apple -nddvhitus\snake & apple -nddvhitus\debug\dibutil.obj
h:\visual studio project\lunarnewyear2019\snake & apple -nddvhitus\snake & apple -nddvhitus\debug\drawing.obj
h:\visual studio project\lunarnewyear2019\snake & apple -nddvhitus\snake & apple -nddvhitus\debug\file.obj
h:\visual studio project\lunarnewyear2019\snake & apple -nddvhitus\snake & apple -nddvhitus\debug\main.obj
h:\visual studio project\lunarnewyear2019\snake & apple -nddvhitus\snake & apple -nddvhitus\debug\map.obj
h:\visual studio project\lunarnewyear2019\snake & apple -nddvhitus\snake & apple -nddvhitus\debug\misc.obj
h:\visual studio project\lunarnewyear2019\snake & apple -nddvhitus\snake & apple -nddvhitus\debug\mouse.obj
h:\visual studio project\lunarnewyear2019\snake & apple -nddvhitus\snake & apple -nddvhitus\debug\palette.obj
h:\visual studio project\lunarnewyear2019\snake & apple -nddvhitus\snake & apple -nddvhitus\debug\snake.obj
h:\visual studio project\lunarnewyear2019\snake & apple -nddvhitus\snake & apple -nddvhitus\debug\snakes.obj
h:\visual studio project\lunarnewyear2019\snake & apple -nddvhitus\snake & apple -nddvhitus\debug\text.obj
h:\visual studio project\lunarnewyear2019\snake & apple -nddvhitus\snake & apple -nddvhitus\debug\winbgi.obj
h:\visual studio project\lunarnewyear2019\snake & apple -nddvhitus\snake & apple -nddvhitus\debug\winthread.obj
h:\visual studio project\lunarnewyear2019\snake & apple -nddvhitus\snake & apple -nddvhitus\debug\vc140.idb
h:\visual studio project\lunarnewyear2019\snake & apple -nddvhitus\snake & apple -nddvhitus\debug\vc141.idb
h:\visual studio project\lunarnewyear2019\snake & apple -nddvhitus\snake & apple -nddvhitus\debug\vc140.pdb
h:\visual studio project\lunarnewyear2019\snake & apple -nddvhitus\snake & apple -nddvhitus\debug\vc141.pdb
